MusicPlaylist/app/build/intermediates/manifest_merge_blame_file/debug/manifest-merger-blame-debug-report.txt
1<?xml version="1.0" encoding="utf-8"?>
2<manifest xmlns:android="http://schemas.android.com/apk/res/android"
3    package="com.Davlat.musicplaylist"
4    android:versionCode="1"
5    android:versionName="1.0" >
6
7    <uses-sdk
8        android:minSdkVersion="21"
8-->src\main\AndroidManifest.xml
9        android:targetSdkVersion="29" />
9-->src\main\AndroidManifest.xml
10
11    <uses-permission android:name="android.permission.INTERNET" />
11-->src\main\AndroidManifest.xml:5:5-67
11-->src\main\AndroidManifest.xml:5:22-64
12
13    <!-- Although the *SdkVersion is captured in gradle build files, this is required for non gradle builds -->
14    <!-- <uses-sdk android:minSdkVersion="14"/> -->
15    <uses-permission android:name="android.permission.ACCESS_NETWORK_STATE" />
15-->[com.google.firebase:firebase-storage:19.1.1] AndroidManifest.xml:26:5-79
15-->[com.google.firebase:firebase-storage:19.1.1] AndroidManifest.xml:26:22-76
16    <uses-permission android:name="android.permission.WRITE_EXTERNAL_STORAGE" />
17    <uses-permission android:name="android.permission.READ_PHONE_STATE" />
18    <uses-permission android:name="android.permission.READ_EXTERNAL_STORAGE" />
19
20    <application
20-->src\main\AndroidManifest.xml:7:5-23:19
21        android:allowBackup="true"
21-->src\main\AndroidManifest.xml:8:9-35
22        android:appComponentFactory="androidx.core.app.CoreComponentFactory"
22-->[androidx.core:core:1.3.0] AndroidManifest.xml:24:18-86
23        android:debuggable="true"
24        android:icon="@mipmap/ic_launcher"
24-->src\main\AndroidManifest.xml:9:9-43
25        android:label="@string/app_name"
25-->src\main\AndroidManifest.xml:10:9-41
26        android:roundIcon="@mipmap/ic_launcher_round"
26-->src\main\AndroidManifest.xml:11:9-54
27        android:supportsRtl="true"
27-->src\main\AndroidManifest.xml:12:9-35
28        android:testOnly="true"
29        android:theme="@style/AppTheme"
29-->src\main\AndroidManifest.xml:13:9-40
30        android:usesCleartextTraffic="true" >
30-->src\main\AndroidManifest.xml:14:9-44
31        <activity android:name="com.Davlat.musicplaylist.activities.DetailLaguActivity" />
31-->src\main\AndroidManifest.xml:15:9-67
31-->src\main\AndroidManifest.xml:15:19-64
32        <activity android:name="com.Davlat.musicplaylist.activities.ListLaguActivity" >
32-->src\main\AndroidManifest.xml:16:9-22:20
32-->src\main\AndroidManifest.xml:16:19-62
33            <intent-filter>
33-->src\main\AndroidManifest.xml:17:13-21:29
34                <action android:name="android.intent.action.MAIN" />
34-->src\main\AndroidManifest.xml:18:17-69
34-->src\main\AndroidManifest.xml:18:25-66
35
36                <category android:name="android.intent.category.LAUNCHER" />
36-->src\main\AndroidManifest.xml:20:17-77
36-->src\main\AndroidManifest.xml:20:27-74
37            </intent-filter>
38        </activity>
39
40        <service
40-->[com.google.firebase:firebase-storage:19.1.1] AndroidManifest.xml:30:9-36:19
41            android:name="com.google.firebase.components.ComponentDiscoveryService"
41-->[com.google.firebase:firebase-storage:19.1.1] AndroidManifest.xml:31:13-84
42            android:directBootAware="true"
42-->[com.google.firebase:firebase-common:19.3.0] AndroidManifest.xml:34:13-43
43            android:exported="false" >
43-->[com.google.firebase:firebase-storage:19.1.1] AndroidManifest.xml:32:13-37
44            <meta-data
44-->[com.google.firebase:firebase-storage:19.1.1] AndroidManifest.xml:33:13-35:85
45                android:name="com.google.firebase.components:com.google.firebase.storage.StorageRegistrar"
45-->[com.google.firebase:firebase-storage:19.1.1] AndroidManifest.xml:34:17-107
46                android:value="com.google.firebase.components.ComponentRegistrar" />
46-->[com.google.firebase:firebase-storage:19.1.1] AndroidManifest.xml:35:17-82
47        </service>
48
49        <activity
49-->[com.google.android.gms:play-services-base:17.0.0] AndroidManifest.xml:23:9-26:75
50            android:name="com.google.android.gms.common.api.GoogleApiActivity"
50-->[com.google.android.gms:play-services-base:17.0.0] AndroidManifest.xml:24:13-79
51            android:exported="false"
51-->[com.google.android.gms:play-services-base:17.0.0] AndroidManifest.xml:25:13-37
52            android:theme="@android:style/Theme.Translucent.NoTitleBar" />
52-->[com.google.android.gms:play-services-base:17.0.0] AndroidManifest.xml:26:13-72
53
54        <provider
54-->[com.google.firebase:firebase-common:19.3.0] AndroidManifest.xml:26:9-30:39
55            android:name="com.google.firebase.provider.FirebaseInitProvider"
55-->[com.google.firebase:firebase-common:19.3.0] AndroidManifest.xml:27:13-77
56            android:authorities="com.Davlat.musicplaylist.firebaseinitprovider"
56-->[com.google.firebase:firebase-common:19.3.0] AndroidManifest.xml:28:13-72
57            android:exported="false"
57-->[com.google.firebase:firebase-common:19.3.0] AndroidManifest.xml:29:13-37
58            android:initOrder="100" />
58-->[com.google.firebase:firebase-common:19.3.0] AndroidManifest.xml:30:13-36
59
60        <meta-data
60-->[com.google.android.gms:play-services-basement:17.0.0] AndroidManifest.xml:23:9-25:69
61            android:name="com.google.android.gms.version"
61-->[com.google.android.gms:play-services-basement:17.0.0] AndroidManifest.xml:24:13-58
62            android:value="@integer/google_play_services_version" />
62-->[com.google.android.gms:play-services-basement:17.0.0] AndroidManifest.xml:25:13-66
63    </application>
64
65</manifest>